2021-08-01T16:46:33+00:00 CRITICAL Uncaught Error: Call to undefined function authenticateUser() in C:\xampp\htdocs\wordpress\wp-content\themes\speakout-theme-child\functions.php:195
Stack trace:
#0 C:\xampp\htdocs\wordpress\wp-includes\class-wp-hook.php(303): my_authenticate(Object(WP_User), 'jake_snellin@ho...', 'Wildsmith_2')
#1 C:\xampp\htdocs\wordpress\wp-includes\plugin.php(189): WP_Hook->apply_filters(Object(WP_User), Array)
#2 C:\xampp\htdocs\wordpress\wp-includes\pluggable.php(593): apply_filters('authenticate', NULL, 'jake_snellin@ho...', 'Wildsmith_2')
#3 C:\xampp\htdocs\wordpress\wp-includes\user.php(95): wp_authenticate('jake_snellin@ho...', 'Wildsmith_2')
#4 C:\xampp\htdocs\wordpress\wp-content\plugins\woocommerce\includes\class-wc-form-handler.php(965): wp_signon(Array, false)
#5 C:\xampp\htdocs\wordpress\wp-includes\class-wp-hook.php(303): WC_Form_Handler::process_login('')
#6 C:\xampp\htdocs\wordpress\wp-includes\class-wp-hook.php(327): WP_Hook->apply_filters(NULL, Array)
#7 C:\xampp\htdocs\wordpress\wp-includes\plugin.php(470): WP_Hook->do_action(Array)
#8 C:\xampp\htdocs\wordpress\wp-settings.php(600): do_action('wp_loaded')
#9 C:\xampp\htdocs\wordpress\wp-config.php(90): require_once('C:\\xampp\\htdocs...')
#10 C:\xampp\htdocs\wordpress\wp-load.php(50): require_once('C:\\xampp\\htdocs...')
#11 C:\xampp\htdocs\wordpress\wp-blog-header.php(13): require_once('C:\\xampp\\htdocs...')
#12 C:\xampp\htdocs\wordpress\index.php(17): require('C:\\xampp\\htdocs...')
#13 {main}
  thrown in C:\xampp\htdocs\wordpress\wp-content\themes\speakout-theme-child\functions.php on line 195

2021-08-01T17:41:43+00:00 CRITICAL Unclosed '{' on line 192 in C:\xampp\htdocs\wordpress\wp-content\themes\speakout-theme-child\functions.php on line 198

2021-08-01T17:41:43+00:00 CRITICAL Unclosed '{' on line 192 in C:\xampp\htdocs\wordpress\wp-content\themes\speakout-theme-child\functions.php on line 198

2021-08-01T17:50:34+00:00 CRITICAL Unclosed '{' on line 191 in C:\xampp\htdocs\wordpress\wp-content\themes\speakout-theme-child\functions.php on line 207

2021-08-01T17:50:35+00:00 CRITICAL Unclosed '{' on line 191 in C:\xampp\htdocs\wordpress\wp-content\themes\speakout-theme-child\functions.php on line 207

2021-08-01T17:55:29+00:00 CRITICAL Uncaught Error: Call to undefined function checkType() in C:\xampp\htdocs\wordpress\wp-content\themes\speakout-theme-child\functions.php:199
Stack trace:
#0 C:\xampp\htdocs\wordpress\wp-settings.php(546): include()
#1 C:\xampp\htdocs\wordpress\wp-config.php(90): require_once('C:\\xampp\\htdocs...')
#2 C:\xampp\htdocs\wordpress\wp-load.php(50): require_once('C:\\xampp\\htdocs...')
#3 C:\xampp\htdocs\wordpress\wp-blog-header.php(13): require_once('C:\\xampp\\htdocs...')
#4 C:\xampp\htdocs\wordpress\index.php(17): require('C:\\xampp\\htdocs...')
#5 {main}
  thrown in C:\xampp\htdocs\wordpress\wp-content\themes\speakout-theme-child\functions.php on line 199

2021-08-01T17:55:29+00:00 CRITICAL Uncaught Error: Call to undefined function checkType() in C:\xampp\htdocs\wordpress\wp-content\themes\speakout-theme-child\functions.php:199
Stack trace:
#0 C:\xampp\htdocs\wordpress\wp-settings.php(546): include()
#1 C:\xampp\htdocs\wordpress\wp-config.php(90): require_once('C:\\xampp\\htdocs...')
#2 C:\xampp\htdocs\wordpress\wp-load.php(50): require_once('C:\\xampp\\htdocs...')
#3 C:\xampp\htdocs\wordpress\wp-blog-header.php(13): require_once('C:\\xampp\\htdocs...')
#4 C:\xampp\htdocs\wordpress\index.php(17): require('C:\\xampp\\htdocs...')
#5 {main}
  thrown in C:\xampp\htdocs\wordpress\wp-content\themes\speakout-theme-child\functions.php on line 199

2021-08-01T18:03:11+00:00 CRITICAL Uncaught Error: Call to undefined function checkType() in C:\xampp\htdocs\wordpress\wp-content\themes\speakout-theme-child\functions.php:201
Stack trace:
#0 C:\xampp\htdocs\wordpress\wp-settings.php(546): include()
#1 C:\xampp\htdocs\wordpress\wp-config.php(90): require_once('C:\\xampp\\htdocs...')
#2 C:\xampp\htdocs\wordpress\wp-load.php(50): require_once('C:\\xampp\\htdocs...')
#3 C:\xampp\htdocs\wordpress\wp-blog-header.php(13): require_once('C:\\xampp\\htdocs...')
#4 C:\xampp\htdocs\wordpress\index.php(17): require('C:\\xampp\\htdocs...')
#5 {main}
  thrown in C:\xampp\htdocs\wordpress\wp-content\themes\speakout-theme-child\functions.php on line 201

2021-08-01T18:03:12+00:00 CRITICAL Uncaught Error: Call to undefined function checkType() in C:\xampp\htdocs\wordpress\wp-content\themes\speakout-theme-child\functions.php:201
Stack trace:
#0 C:\xampp\htdocs\wordpress\wp-settings.php(546): include()
#1 C:\xampp\htdocs\wordpress\wp-config.php(90): require_once('C:\\xampp\\htdocs...')
#2 C:\xampp\htdocs\wordpress\wp-load.php(50): require_once('C:\\xampp\\htdocs...')
#3 C:\xampp\htdocs\wordpress\wp-blog-header.php(13): require_once('C:\\xampp\\htdocs...')
#4 C:\xampp\htdocs\wordpress\index.php(17): require('C:\\xampp\\htdocs...')
#5 {main}
  thrown in C:\xampp\htdocs\wordpress\wp-content\themes\speakout-theme-child\functions.php on line 201

2021-08-01T18:03:28+00:00 CRITICAL Uncaught Error: Call to undefined function checkType() in C:\xampp\htdocs\wordpress\wp-content\themes\speakout-theme-child\functions.php:201
Stack trace:
#0 C:\xampp\htdocs\wordpress\wp-settings.php(546): include()
#1 C:\xampp\htdocs\wordpress\wp-config.php(90): require_once('C:\\xampp\\htdocs...')
#2 C:\xampp\htdocs\wordpress\wp-load.php(50): require_once('C:\\xampp\\htdocs...')
#3 C:\xampp\htdocs\wordpress\wp-blog-header.php(13): require_once('C:\\xampp\\htdocs...')
#4 C:\xampp\htdocs\wordpress\index.php(17): require('C:\\xampp\\htdocs...')
#5 {main}
  thrown in C:\xampp\htdocs\wordpress\wp-content\themes\speakout-theme-child\functions.php on line 201

2021-08-01T18:03:28+00:00 CRITICAL Uncaught Error: Call to undefined function checkType() in C:\xampp\htdocs\wordpress\wp-content\themes\speakout-theme-child\functions.php:201
Stack trace:
#0 C:\xampp\htdocs\wordpress\wp-settings.php(546): include()
#1 C:\xampp\htdocs\wordpress\wp-config.php(90): require_once('C:\\xampp\\htdocs...')
#2 C:\xampp\htdocs\wordpress\wp-load.php(50): require_once('C:\\xampp\\htdocs...')
#3 C:\xampp\htdocs\wordpress\wp-blog-header.php(13): require_once('C:\\xampp\\htdocs...')
#4 C:\xampp\htdocs\wordpress\index.php(17): require('C:\\xampp\\htdocs...')
#5 {main}
  thrown in C:\xampp\htdocs\wordpress\wp-content\themes\speakout-theme-child\functions.php on line 201

2021-08-01T18:04:00+00:00 CRITICAL Uncaught Error: Call to undefined function checkType() in C:\xampp\htdocs\wordpress\wp-content\themes\speakout-theme-child\functions.php:201
Stack trace:
#0 C:\xampp\htdocs\wordpress\wp-settings.php(546): include()
#1 C:\xampp\htdocs\wordpress\wp-config.php(90): require_once('C:\\xampp\\htdocs...')
#2 C:\xampp\htdocs\wordpress\wp-load.php(50): require_once('C:\\xampp\\htdocs...')
#3 C:\xampp\htdocs\wordpress\wp-blog-header.php(13): require_once('C:\\xampp\\htdocs...')
#4 C:\xampp\htdocs\wordpress\index.php(17): require('C:\\xampp\\htdocs...')
#5 {main}
  thrown in C:\xampp\htdocs\wordpress\wp-content\themes\speakout-theme-child\functions.php on line 201

2021-08-01T18:04:01+00:00 CRITICAL Uncaught Error: Call to undefined function checkType() in C:\xampp\htdocs\wordpress\wp-content\themes\speakout-theme-child\functions.php:201
Stack trace:
#0 C:\xampp\htdocs\wordpress\wp-settings.php(546): include()
#1 C:\xampp\htdocs\wordpress\wp-config.php(90): require_once('C:\\xampp\\htdocs...')
#2 C:\xampp\htdocs\wordpress\wp-load.php(50): require_once('C:\\xampp\\htdocs...')
#3 C:\xampp\htdocs\wordpress\wp-blog-header.php(13): require_once('C:\\xampp\\htdocs...')
#4 C:\xampp\htdocs\wordpress\index.php(17): require('C:\\xampp\\htdocs...')
#5 {main}
  thrown in C:\xampp\htdocs\wordpress\wp-content\themes\speakout-theme-child\functions.php on line 201

2021-08-01T18:06:44+00:00 CRITICAL Uncaught Error: Call to undefined function checkType() in C:\xampp\htdocs\wordpress\wp-content\themes\speakout-theme-child\functions.php:201
Stack trace:
#0 C:\xampp\htdocs\wordpress\wp-settings.php(546): include()
#1 C:\xampp\htdocs\wordpress\wp-config.php(90): require_once('C:\\xampp\\htdocs...')
#2 C:\xampp\htdocs\wordpress\wp-load.php(50): require_once('C:\\xampp\\htdocs...')
#3 C:\xampp\htdocs\wordpress\wp-blog-header.php(13): require_once('C:\\xampp\\htdocs...')
#4 C:\xampp\htdocs\wordpress\index.php(17): require('C:\\xampp\\htdocs...')
#5 {main}
  thrown in C:\xampp\htdocs\wordpress\wp-content\themes\speakout-theme-child\functions.php on line 201

2021-08-01T18:06:44+00:00 CRITICAL Uncaught Error: Call to undefined function checkType() in C:\xampp\htdocs\wordpress\wp-content\themes\speakout-theme-child\functions.php:201
Stack trace:
#0 C:\xampp\htdocs\wordpress\wp-settings.php(546): include()
#1 C:\xampp\htdocs\wordpress\wp-config.php(90): require_once('C:\\xampp\\htdocs...')
#2 C:\xampp\htdocs\wordpress\wp-load.php(50): require_once('C:\\xampp\\htdocs...')
#3 C:\xampp\htdocs\wordpress\wp-blog-header.php(13): require_once('C:\\xampp\\htdocs...')
#4 C:\xampp\htdocs\wordpress\index.php(17): require('C:\\xampp\\htdocs...')
#5 {main}
  thrown in C:\xampp\htdocs\wordpress\wp-content\themes\speakout-theme-child\functions.php on line 201

2021-08-01T18:07:02+00:00 CRITICAL Uncaught Error: Call to undefined function checkType() in C:\xampp\htdocs\wordpress\wp-content\themes\speakout-theme-child\functions.php:201
Stack trace:
#0 C:\xampp\htdocs\wordpress\wp-settings.php(546): include()
#1 C:\xampp\htdocs\wordpress\wp-config.php(90): require_once('C:\\xampp\\htdocs...')
#2 C:\xampp\htdocs\wordpress\wp-load.php(50): require_once('C:\\xampp\\htdocs...')
#3 C:\xampp\htdocs\wordpress\wp-blog-header.php(13): require_once('C:\\xampp\\htdocs...')
#4 C:\xampp\htdocs\wordpress\index.php(17): require('C:\\xampp\\htdocs...')
#5 {main}
  thrown in C:\xampp\htdocs\wordpress\wp-content\themes\speakout-theme-child\functions.php on line 201

2021-08-01T18:07:02+00:00 CRITICAL Uncaught Error: Call to undefined function checkType() in C:\xampp\htdocs\wordpress\wp-content\themes\speakout-theme-child\functions.php:201
Stack trace:
#0 C:\xampp\htdocs\wordpress\wp-settings.php(546): include()
#1 C:\xampp\htdocs\wordpress\wp-config.php(90): require_once('C:\\xampp\\htdocs...')
#2 C:\xampp\htdocs\wordpress\wp-load.php(50): require_once('C:\\xampp\\htdocs...')
#3 C:\xampp\htdocs\wordpress\wp-blog-header.php(13): require_once('C:\\xampp\\htdocs...')
#4 C:\xampp\htdocs\wordpress\index.php(17): require('C:\\xampp\\htdocs...')
#5 {main}
  thrown in C:\xampp\htdocs\wordpress\wp-content\themes\speakout-theme-child\functions.php on line 201

2021-08-01T18:07:52+00:00 CRITICAL Uncaught Error: Call to undefined function checkType() in C:\xampp\htdocs\wordpress\wp-content\themes\speakout-theme-child\functions.php:201
Stack trace:
#0 C:\xampp\htdocs\wordpress\wp-settings.php(546): include()
#1 C:\xampp\htdocs\wordpress\wp-config.php(90): require_once('C:\\xampp\\htdocs...')
#2 C:\xampp\htdocs\wordpress\wp-load.php(50): require_once('C:\\xampp\\htdocs...')
#3 C:\xampp\htdocs\wordpress\wp-blog-header.php(13): require_once('C:\\xampp\\htdocs...')
#4 C:\xampp\htdocs\wordpress\index.php(17): require('C:\\xampp\\htdocs...')
#5 {main}
  thrown in C:\xampp\htdocs\wordpress\wp-content\themes\speakout-theme-child\functions.php on line 201

2021-08-01T18:07:52+00:00 CRITICAL Uncaught Error: Call to undefined function checkType() in C:\xampp\htdocs\wordpress\wp-content\themes\speakout-theme-child\functions.php:201
Stack trace:
#0 C:\xampp\htdocs\wordpress\wp-settings.php(546): include()
#1 C:\xampp\htdocs\wordpress\wp-config.php(90): require_once('C:\\xampp\\htdocs...')
#2 C:\xampp\htdocs\wordpress\wp-load.php(50): require_once('C:\\xampp\\htdocs...')
#3 C:\xampp\htdocs\wordpress\wp-blog-header.php(13): require_once('C:\\xampp\\htdocs...')
#4 C:\xampp\htdocs\wordpress\index.php(17): require('C:\\xampp\\htdocs...')
#5 {main}
  thrown in C:\xampp\htdocs\wordpress\wp-content\themes\speakout-theme-child\functions.php on line 201

2021-08-01T18:30:56+00:00 CRITICAL Uncaught Error: Call to undefined function printSomething() in C:\xampp\htdocs\wordpress\wp-content\themes\speakout-theme-child\functions.php:191
Stack trace:
#0 C:\xampp\htdocs\wordpress\wp-settings.php(546): include()
#1 C:\xampp\htdocs\wordpress\wp-config.php(90): require_once('C:\\xampp\\htdocs...')
#2 C:\xampp\htdocs\wordpress\wp-load.php(50): require_once('C:\\xampp\\htdocs...')
#3 C:\xampp\htdocs\wordpress\wp-blog-header.php(13): require_once('C:\\xampp\\htdocs...')
#4 C:\xampp\htdocs\wordpress\index.php(17): require('C:\\xampp\\htdocs...')
#5 {main}
  thrown in C:\xampp\htdocs\wordpress\wp-content\themes\speakout-theme-child\functions.php on line 191

2021-08-01T18:30:57+00:00 CRITICAL Uncaught Error: Call to undefined function printSomething() in C:\xampp\htdocs\wordpress\wp-content\themes\speakout-theme-child\functions.php:191
Stack trace:
#0 C:\xampp\htdocs\wordpress\wp-settings.php(546): include()
#1 C:\xampp\htdocs\wordpress\wp-config.php(90): require_once('C:\\xampp\\htdocs...')
#2 C:\xampp\htdocs\wordpress\wp-load.php(50): require_once('C:\\xampp\\htdocs...')
#3 C:\xampp\htdocs\wordpress\wp-blog-header.php(13): require_once('C:\\xampp\\htdocs...')
#4 C:\xampp\htdocs\wordpress\index.php(17): require('C:\\xampp\\htdocs...')
#5 {main}
  thrown in C:\xampp\htdocs\wordpress\wp-content\themes\speakout-theme-child\functions.php on line 191

2021-08-01T19:12:53+00:00 CRITICAL Uncaught TypeError: get_class(): Argument #1 ($object) must be of type object, bool given in C:\xampp\htdocs\wordpress\wp-content\themes\speakout-theme-child\functions.php:200
Stack trace:
#0 C:\xampp\htdocs\wordpress\wp-settings.php(546): include()
#1 C:\xampp\htdocs\wordpress\wp-config.php(90): require_once('C:\\xampp\\htdocs...')
#2 C:\xampp\htdocs\wordpress\wp-load.php(50): require_once('C:\\xampp\\htdocs...')
#3 C:\xampp\htdocs\wordpress\wp-blog-header.php(13): require_once('C:\\xampp\\htdocs...')
#4 C:\xampp\htdocs\wordpress\index.php(17): require('C:\\xampp\\htdocs...')
#5 {main}
  thrown in C:\xampp\htdocs\wordpress\wp-content\themes\speakout-theme-child\functions.php on line 200

2021-08-01T19:12:54+00:00 CRITICAL Uncaught TypeError: get_class(): Argument #1 ($object) must be of type object, bool given in C:\xampp\htdocs\wordpress\wp-content\themes\speakout-theme-child\functions.php:200
Stack trace:
#0 C:\xampp\htdocs\wordpress\wp-settings.php(546): include()
#1 C:\xampp\htdocs\wordpress\wp-config.php(90): require_once('C:\\xampp\\htdocs...')
#2 C:\xampp\htdocs\wordpress\wp-load.php(50): require_once('C:\\xampp\\htdocs...')
#3 C:\xampp\htdocs\wordpress\wp-blog-header.php(13): require_once('C:\\xampp\\htdocs...')
#4 C:\xampp\htdocs\wordpress\index.php(17): require('C:\\xampp\\htdocs...')
#5 {main}
  thrown in C:\xampp\htdocs\wordpress\wp-content\themes\speakout-theme-child\functions.php on line 200

2021-08-01T19:13:32+00:00 CRITICAL Uncaught TypeError: get_class(): Argument #1 ($object) must be of type object, null given in C:\xampp\htdocs\wordpress\wp-content\themes\speakout-theme-child\functions.php:199
Stack trace:
#0 C:\xampp\htdocs\wordpress\wp-settings.php(546): include()
#1 C:\xampp\htdocs\wordpress\wp-config.php(90): require_once('C:\\xampp\\htdocs...')
#2 C:\xampp\htdocs\wordpress\wp-load.php(50): require_once('C:\\xampp\\htdocs...')
#3 C:\xampp\htdocs\wordpress\wp-blog-header.php(13): require_once('C:\\xampp\\htdocs...')
#4 C:\xampp\htdocs\wordpress\index.php(17): require('C:\\xampp\\htdocs...')
#5 {main}
  thrown in C:\xampp\htdocs\wordpress\wp-content\themes\speakout-theme-child\functions.php on line 199

2021-08-01T19:13:32+00:00 CRITICAL Uncaught TypeError: get_class(): Argument #1 ($object) must be of type object, null given in C:\xampp\htdocs\wordpress\wp-content\themes\speakout-theme-child\functions.php:199
Stack trace:
#0 C:\xampp\htdocs\wordpress\wp-settings.php(546): include()
#1 C:\xampp\htdocs\wordpress\wp-config.php(90): require_once('C:\\xampp\\htdocs...')
#2 C:\xampp\htdocs\wordpress\wp-load.php(50): require_once('C:\\xampp\\htdocs...')
#3 C:\xampp\htdocs\wordpress\wp-blog-header.php(13): require_once('C:\\xampp\\htdocs...')
#4 C:\xampp\htdocs\wordpress\index.php(17): require('C:\\xampp\\htdocs...')
#5 {main}
  thrown in C:\xampp\htdocs\wordpress\wp-content\themes\speakout-theme-child\functions.php on line 199

2021-08-01T19:13:54+00:00 CRITICAL Uncaught TypeError: get_class(): Argument #1 ($object) must be of type object, bool given in C:\xampp\htdocs\wordpress\wp-content\themes\speakout-theme-child\functions.php:199
Stack trace:
#0 C:\xampp\htdocs\wordpress\wp-settings.php(546): include()
#1 C:\xampp\htdocs\wordpress\wp-config.php(90): require_once('C:\\xampp\\htdocs...')
#2 C:\xampp\htdocs\wordpress\wp-load.php(50): require_once('C:\\xampp\\htdocs...')
#3 C:\xampp\htdocs\wordpress\wp-blog-header.php(13): require_once('C:\\xampp\\htdocs...')
#4 C:\xampp\htdocs\wordpress\index.php(17): require('C:\\xampp\\htdocs...')
#5 {main}
  thrown in C:\xampp\htdocs\wordpress\wp-content\themes\speakout-theme-child\functions.php on line 199

2021-08-01T19:13:54+00:00 CRITICAL Uncaught TypeError: get_class(): Argument #1 ($object) must be of type object, bool given in C:\xampp\htdocs\wordpress\wp-content\themes\speakout-theme-child\functions.php:199
Stack trace:
#0 C:\xampp\htdocs\wordpress\wp-settings.php(546): include()
#1 C:\xampp\htdocs\wordpress\wp-config.php(90): require_once('C:\\xampp\\htdocs...')
#2 C:\xampp\htdocs\wordpress\wp-load.php(50): require_once('C:\\xampp\\htdocs...')
#3 C:\xampp\htdocs\wordpress\wp-blog-header.php(13): require_once('C:\\xampp\\htdocs...')
#4 C:\xampp\htdocs\wordpress\index.php(17): require('C:\\xampp\\htdocs...')
#5 {main}
  thrown in C:\xampp\htdocs\wordpress\wp-content\themes\speakout-theme-child\functions.php on line 199

