2021-07-09T17:28:23+00:00 CRITICAL syntax error, unexpected identifier "Dashboard’", expecting ")" in C:\xampp\htdocs\wordpress\wp-content\themes\speakout-theme\functions.php on line 57

2021-07-09T17:28:23+00:00 CRITICAL syntax error, unexpected identifier "Dashboard’", expecting ")" in C:\xampp\htdocs\wordpress\wp-content\themes\speakout-theme\functions.php on line 57

2021-07-09T17:30:22+00:00 CRITICAL syntax error, unexpected identifier "Dashboard’", expecting ")" in C:\xampp\htdocs\wordpress\wp-content\themes\speakout-theme\functions.php on line 57

2021-07-09T17:32:23+00:00 CRITICAL syntax error, unexpected identifier "Dashboard’", expecting ")" in C:\xampp\htdocs\wordpress\wp-content\themes\speakout-theme\functions.php on line 57

2021-07-09T18:04:39+00:00 CRITICAL Uncaught TypeError: call_user_func_array(): Argument #1 ($function) must be a valid callback, function "my_account_new_endpoints" not found or invalid function name in C:\xampp\htdocs\wordpress\wp-includes\class-wp-hook.php:292
Stack trace:
#0 C:\xampp\htdocs\wordpress\wp-includes\class-wp-hook.php(316): WP_Hook->apply_filters(NULL, Array)
#1 C:\xampp\htdocs\wordpress\wp-includes\plugin.php(484): WP_Hook->do_action(Array)
#2 C:\xampp\htdocs\wordpress\wp-settings.php(560): do_action('init')
#3 C:\xampp\htdocs\wordpress\wp-config.php(90): require_once('C:\\xampp\\htdocs...')
#4 C:\xampp\htdocs\wordpress\wp-load.php(37): require_once('C:\\xampp\\htdocs...')
#5 C:\xampp\htdocs\wordpress\wp-admin\admin-ajax.php(22): require_once('C:\\xampp\\htdocs...')
#6 {main}
  thrown in C:\xampp\htdocs\wordpress\wp-includes\class-wp-hook.php on line 292

2021-07-09T18:04:41+00:00 CRITICAL Uncaught TypeError: call_user_func_array(): Argument #1 ($function) must be a valid callback, function "my_account_new_endpoints" not found or invalid function name in C:\xampp\htdocs\wordpress\wp-includes\class-wp-hook.php:292
Stack trace:
#0 C:\xampp\htdocs\wordpress\wp-includes\class-wp-hook.php(316): WP_Hook->apply_filters(NULL, Array)
#1 C:\xampp\htdocs\wordpress\wp-includes\plugin.php(484): WP_Hook->do_action(Array)
#2 C:\xampp\htdocs\wordpress\wp-settings.php(560): do_action('init')
#3 C:\xampp\htdocs\wordpress\wp-config.php(90): require_once('C:\\xampp\\htdocs...')
#4 C:\xampp\htdocs\wordpress\wp-load.php(37): require_once('C:\\xampp\\htdocs...')
#5 C:\xampp\htdocs\wordpress\wp-admin\admin.php(34): require_once('C:\\xampp\\htdocs...')
#6 C:\xampp\htdocs\wordpress\wp-admin\options-permalink.php(10): require_once('C:\\xampp\\htdocs...')
#7 {main}
  thrown in C:\xampp\htdocs\wordpress\wp-includes\class-wp-hook.php on line 292

2021-07-09T18:07:07+00:00 CRITICAL Uncaught TypeError: call_user_func_array(): Argument #1 ($function) must be a valid callback, function "my_account_new_endpoints" not found or invalid function name in C:\xampp\htdocs\wordpress\wp-includes\class-wp-hook.php:292
Stack trace:
#0 C:\xampp\htdocs\wordpress\wp-includes\class-wp-hook.php(316): WP_Hook->apply_filters(NULL, Array)
#1 C:\xampp\htdocs\wordpress\wp-includes\plugin.php(484): WP_Hook->do_action(Array)
#2 C:\xampp\htdocs\wordpress\wp-settings.php(560): do_action('init')
#3 C:\xampp\htdocs\wordpress\wp-config.php(90): require_once('C:\\xampp\\htdocs...')
#4 C:\xampp\htdocs\wordpress\wp-load.php(37): require_once('C:\\xampp\\htdocs...')
#5 C:\xampp\htdocs\wordpress\wp-admin\admin.php(34): require_once('C:\\xampp\\htdocs...')
#6 C:\xampp\htdocs\wordpress\wp-admin\index.php(10): require_once('C:\\xampp\\htdocs...')
#7 {main}
  thrown in C:\xampp\htdocs\wordpress\wp-includes\class-wp-hook.php on line 292

